<?xml version="1.0" encoding="UTF-8"?>
<!-- Generated by org.testng.reporters.JUnitXMLReporter -->
<testsuite hostname="MEHMETTOSUN" ignored="0" name="HomePageTest" tests="4" failures="1" timestamp="14 Sep 2019 09:16:50 GMT" time="5.704" errors="0">
  <testcase name="invalidUserandPass" time="0.92" classname="mehmet.project.HomePageTest"/>
  <testcase name="invalidUserandvalidPass" time="0.448" classname="mehmet.project.HomePageTest"/>
  <testcase name="validUserandInvalidPass" time="0.506" classname="mehmet.project.HomePageTest"/>
  <testcase name="validUserandPass" time="0.445" classname="mehmet.project.HomePageTest">
    <failure type="java.lang.AssertionError" message="expected [**Successful Login**] but found [**Failed Login**]">
      <![CDATA[java.lang.AssertionError: expected [**Successful Login**] but found [**Failed Login**]
at mehmet.project.HomePageTest.validUserandPass(HomePageTest.java:61)
... Removed 31 stack frames]]>
    </failure>
  </testcase> <!-- validUserandPass -->
</testsuite> <!-- HomePageTest -->
