<?xml version="1.0" encoding="UTF-8"?>
<!-- Generated by org.testng.reporters.JUnitXMLReporter -->
<testsuite hostname="MEHMETTOSUN" ignored="0" name="Command line test" tests="4" failures="0" timestamp="12 Sep 2019 02:32:56 GMT" time="5.499" errors="0">
  <testcase name="invalidUserandPass" time="0.89" classname="mehmet.project.HomePageTest"/>
  <testcase name="validUserandInvalidPass" time="0.394" classname="mehmet.project.HomePageTest"/>
  <testcase name="invalidUserandvalidPass" time="0.442" classname="mehmet.project.HomePageTest"/>
  <testcase name="validUserandPass" time="0.424" classname="mehmet.project.HomePageTest"/>
</testsuite> <!-- Command line test -->
